{
  "RSpec": {
    "coverage": {
      "/Users/russellrockwood/Turing/1module/enigma/spec/enigma_spec.rb": {
        "lines": [
          1,
          1,
          null,
          1,
          1,
          9,
          9,
          9,
          null,
          null,
          1,
          1,
          null,
          null,
          1,
          1,
          null,
          1,
          null,
          null,
          1,
          1,
          1,
          null,
          1,
          1,
          null,
          1,
          1,
          null,
          null,
          1,
          1,
          null,
          1,
          1,
          null,
          null,
          1,
          1,
          1,
          1,
          null,
          1,
          1,
          1,
          1,
          null,
          null,
          1,
          1,
          null,
          1,
          1,
          null,
          null,
          1,
          1,
          1,
          null,
          1,
          1,
          null,
          null,
          1,
          1,
          1,
          null,
          null,
          null,
          null,
          null,
          1,
          null,
          null,
          1,
          1,
          1,
          null,
          null,
          null,
          null,
          null,
          1,
          null,
          null
        ]
      }
    },
    "timestamp": 1637092829
  }
}
