{
  "RSpec": {
    "coverage": {
      "/Users/russellrockwood/Turing/1module/enigma/spec/enigma_spec.rb": {
        "lines": [
          1,
          1,
          null,
          1,
          1,
          11,
          11,
          11,
          null,
          null,
          1,
          1,
          null,
          null,
          1,
          1,
          null,
          1,
          null,
          null,
          1,
          1,
          1,
          null,
          1,
          1,
          null,
          1,
          1,
          null,
          null,
          1,
          1,
          null,
          null,
          1,
          1,
          1,
          1,
          null,
          1,
          1,
          1,
          1,
          null,
          null,
          1,
          1,
          null,
          null,
          1,
          1,
          1,
          null,
          1,
          1,
          null,
          null,
          1,
          1,
          1,
          null,
          null,
          null,
          null,
          null,
          1,
          null,
          null,
          1,
          1,
          1,
          null,
          null,
          null,
          null,
          null,
          1,
          null,
          null,
          1,
          1,
          null,
          1,
          null,
          null,
          1,
          1,
          null,
          null,
          null,
          null,
          1,
          1,
          null,
          1,
          null,
          null,
          1,
          0,
          null,
          0,
          null,
          null
        ]
      },
      "/Users/russellrockwood/Turing/1module/enigma/lib/enigma.rb": {
        "lines": [
          1,
          1,
          1,
          1,
          null,
          1,
          1,
          1,
          1,
          22,
          null,
          null,
          1,
          2,
          2,
          2,
          null,
          2,
          2,
          null,
          2,
          null,
          null,
          null,
          null,
          null,
          null,
          1,
          2,
          2,
          null,
          10,
          2,
          null,
          2,
          null,
          null,
          null,
          null,
          null,
          null
        ]
      },
      "/Users/russellrockwood/Turing/1module/enigma/lib/encryption.rb": {
        "lines": [
          1,
          1,
          6,
          6,
          null,
          30,
          30,
          null,
          6,
          null,
          30,
          30,
          null,
          null,
          1,
          92,
          92,
          null,
          null,
          1,
          2,
          null,
          null,
          1,
          2,
          null,
          null,
          1,
          12,
          2,
          null,
          null,
          10,
          2,
          null,
          null,
          8,
          34,
          2,
          null,
          null,
          null,
          6,
          null,
          null,
          1,
          8,
          null,
          8,
          8,
          8,
          88,
          16,
          null,
          88,
          0,
          null,
          88,
          88,
          null,
          null,
          8,
          null,
          null
        ]
      },
      "/Users/russellrockwood/Turing/1module/enigma/lib/encryption_files.rb": {
        "lines": [
          1,
          1,
          0,
          0,
          0,
          0,
          0,
          0,
          0,
          null,
          0,
          0,
          0,
          0,
          null,
          0,
          null,
          null,
          1,
          2,
          0,
          null,
          2,
          2,
          null,
          null,
          1,
          0,
          0,
          0,
          null,
          null,
          1,
          2,
          null,
          null,
          null
        ]
      }
    },
    "timestamp": 1637016132
  }
}
